<?xml version="1.0" encoding="UTF-8"?>
<testsuite name="si_lab2.SILab2Test" tests="2" skipped="0" failures="0" errors="0" timestamp="2024-05-22T14:30:57" hostname="DESKTOP-55MJLPG" time="0.079">
  <properties/>
  <testcase name="everyBranchTest()" classname="si_lab2.SILab2Test" time="0.073"/>
  <testcase name="multipleConditionTest()" classname="si_lab2.SILab2Test" time="0.003"/>
  <system-out><![CDATA[]]></system-out>
  <system-err><![CDATA[]]></system-err>
</testsuite>
